Sender: LSF System <lsfadmin@host075.jc.rl.ac.uk>
Subject: Job 9232199: </home/users/esmith88/roocs/character_scanner/scanner_test.py -m BCC/bcc-csm1-1 -e r2i1p1 -v evspsblsoi> in cluster <lotus> Done

Job </home/users/esmith88/roocs/character_scanner/scanner_test.py -m BCC/bcc-csm1-1 -e r2i1p1 -v evspsblsoi> was submitted from host <jasmin-sci5-panfs.ceda.ac.uk> by user <esmith88> in cluster <lotus>.
Job was executed on host(s) <host075.jc.rl.ac.uk>, in queue <short-serial>, as user <esmith88> in cluster <lotus>.
</home/users/esmith88> was used as the home directory.
</home/users/esmith88/roocs/character_scanner> was used as the working directory.
Started at Results reported on 
Your job looked like:

------------------------------------------------------------
# LSBATCH: User input
/home/users/esmith88/roocs/character_scanner/scanner_test.py -m BCC/bcc-csm1-1 -e r2i1p1 -v evspsblsoi
------------------------------------------------------------

Successfully completed.

Resource usage summary:

    CPU time :                                   2.96 sec.
    Max Memory :                                 -
    Average Memory :                             -
    Total Requested Memory :                     -
    Delta Memory :                               -
    Max Swap :                                   -
    Max Processes :                              -
    Max Threads :                                -
    Run time :                                   4 sec.
    Turnaround time :                            19 sec.

The output (if any) follows:



PS:

Read file </home/users/esmith88/roocs/character_scanner/ALL_OUTPUTS/cmip5/output1/BCC/bcc-csm1-1/r2i1p1/LOTUS_outputs/evspsblsoi.err> for stderr output of this job.

