Sender: LSF System <lsfadmin@host301.jc.rl.ac.uk>
Subject: Job 9232213: </home/users/esmith88/roocs/character_scanner/scanner_test.py -m BCC/bcc-csm1-1 -e r2i1p1 -v mrlsl> in cluster <lotus> Done

Job </home/users/esmith88/roocs/character_scanner/scanner_test.py -m BCC/bcc-csm1-1 -e r2i1p1 -v mrlsl> was submitted from host <jasmin-sci5-panfs.ceda.ac.uk> by user <esmith88> in cluster <lotus>.
Job was executed on host(s) <host301.jc.rl.ac.uk>, in queue <short-serial>, as user <esmith88> in cluster <lotus>.
</home/users/esmith88> was used as the home directory.
</home/users/esmith88/roocs/character_scanner> was used as the working directory.
Started at Results reported on 
Your job looked like:

------------------------------------------------------------
# LSBATCH: User input
/home/users/esmith88/roocs/character_scanner/scanner_test.py -m BCC/bcc-csm1-1 -e r2i1p1 -v mrlsl
------------------------------------------------------------

Successfully completed.

Resource usage summary:

    CPU time :                                   17.92 sec.
    Max Memory :                                 83 MB
    Average Memory :                             83.00 MB
    Total Requested Memory :                     -
    Delta Memory :                               -
    Max Swap :                                   214557 MB
    Max Processes :                              3
    Max Threads :                                29
    Run time :                                   43 sec.
    Turnaround time :                            55 sec.

The output (if any) follows:



PS:

Read file </home/users/esmith88/roocs/character_scanner/ALL_OUTPUTS/cmip5/output1/BCC/bcc-csm1-1/r2i1p1/LOTUS_outputs/mrlsl.err> for stderr output of this job.

