Sender: LSF System <lsfadmin@host450.jc.rl.ac.uk>
Subject: Job 9232216: </home/users/esmith88/roocs/character_scanner/scanner_test.py -m BCC/bcc-csm1-1 -e r2i1p1 -v mrso> in cluster <lotus> Done

Job </home/users/esmith88/roocs/character_scanner/scanner_test.py -m BCC/bcc-csm1-1 -e r2i1p1 -v mrso> was submitted from host <jasmin-sci5-panfs.ceda.ac.uk> by user <esmith88> in cluster <lotus>.
Job was executed on host(s) <host450.jc.rl.ac.uk>, in queue <short-serial>, as user <esmith88> in cluster <lotus>.
</home/users/esmith88> was used as the home directory.
</home/users/esmith88/roocs/character_scanner> was used as the working directory.
Started at Results reported on 
Your job looked like:

------------------------------------------------------------
# LSBATCH: User input
/home/users/esmith88/roocs/character_scanner/scanner_test.py -m BCC/bcc-csm1-1 -e r2i1p1 -v mrso
------------------------------------------------------------

Successfully completed.

Resource usage summary:

    CPU time :                                   7.67 sec.
    Max Memory :                                 62 MB
    Average Memory :                             62.00 MB
    Total Requested Memory :                     -
    Delta Memory :                               -
    Max Swap :                                   387100 MB
    Max Processes :                              3
    Max Threads :                                51
    Run time :                                   21 sec.
    Turnaround time :                            36 sec.

The output (if any) follows:



PS:

Read file </home/users/esmith88/roocs/character_scanner/ALL_OUTPUTS/cmip5/output1/BCC/bcc-csm1-1/r2i1p1/LOTUS_outputs/mrso.err> for stderr output of this job.

