Sender: LSF System <lsfadmin@host478.jc.rl.ac.uk>
Subject: Job 9231493: </home/users/esmith88/roocs/character_scanner/scanner_test.py -m BCC/bcc-csm1-1 -e r1i1p1 -v fFire> in cluster <lotus> Exited

Job </home/users/esmith88/roocs/character_scanner/scanner_test.py -m BCC/bcc-csm1-1 -e r1i1p1 -v fFire> was submitted from host <jasmin-sci5-panfs.ceda.ac.uk> by user <esmith88> in cluster <lotus>.
Job was executed on host(s) <host478.jc.rl.ac.uk>, in queue <short-serial>, as user <esmith88> in cluster <lotus>.
</home/users/esmith88> was used as the home directory.
</home/users/esmith88/roocs/character_scanner> was used as the working directory.
Started at Results reported on 
Your job looked like:

------------------------------------------------------------
# LSBATCH: User input
/home/users/esmith88/roocs/character_scanner/scanner_test.py -m BCC/bcc-csm1-1 -e r1i1p1 -v fFire
------------------------------------------------------------

Exited with exit code 1.

Resource usage summary:

    CPU time :                                   6.39 sec.
    Max Memory :                                 51 MB
    Average Memory :                             51.00 MB
    Total Requested Memory :                     -
    Delta Memory :                               -
    Max Swap :                                   189680 MB
    Max Processes :                              3
    Max Threads :                                27
    Run time :                                   56 sec.
    Turnaround time :                            59 sec.

The output (if any) follows:



PS:

Read file </home/users/esmith88/roocs/character_scanner/ALL_OUTPUTS/cmip5/output1/BCC/bcc-csm1-1/r1i1p1/LOTUS_outputs/fFire.err> for stderr output of this job.

