Sender: LSF System <lsfadmin@host095.jc.rl.ac.uk>
Subject: Job 9232367: </home/users/esmith88/roocs/character_scanner/scanner_test.py -m BCC/bcc-csm1-1 -e r3i1p1 -v cProduct> in cluster <lotus> Exited

Job </home/users/esmith88/roocs/character_scanner/scanner_test.py -m BCC/bcc-csm1-1 -e r3i1p1 -v cProduct> was submitted from host <jasmin-sci5-panfs.ceda.ac.uk> by user <esmith88> in cluster <lotus>.
Job was executed on host(s) <host095.jc.rl.ac.uk>, in queue <short-serial>, as user <esmith88> in cluster <lotus>.
</home/users/esmith88> was used as the home directory.
</home/users/esmith88/roocs/character_scanner> was used as the working directory.
Started at Results reported on 
Your job looked like:

------------------------------------------------------------
# LSBATCH: User input
/home/users/esmith88/roocs/character_scanner/scanner_test.py -m BCC/bcc-csm1-1 -e r3i1p1 -v cProduct
------------------------------------------------------------

Exited with exit code 1.

Resource usage summary:

    CPU time :                                   2.91 sec.
    Max Memory :                                 78 MB
    Average Memory :                             78.00 MB
    Total Requested Memory :                     -
    Delta Memory :                               -
    Max Swap :                                   123886 MB
    Max Processes :                              3
    Max Threads :                                19
    Run time :                                   2 sec.
    Turnaround time :                            20 sec.

The output (if any) follows:



PS:

Read file </home/users/esmith88/roocs/character_scanner/ALL_OUTPUTS/cmip5/output1/BCC/bcc-csm1-1/r3i1p1/LOTUS_outputs/cProduct.err> for stderr output of this job.

