Sender: LSF System <lsfadmin@host248.jc.rl.ac.uk>
Subject: Job 9231565: </home/users/esmith88/roocs/character_scanner/scanner_test.py -m BCC/bcc-csm1-1 -e r1i1p121 -v mrro> in cluster <lotus> Exited

Job </home/users/esmith88/roocs/character_scanner/scanner_test.py -m BCC/bcc-csm1-1 -e r1i1p121 -v mrro> was submitted from host <jasmin-sci5-panfs.ceda.ac.uk> by user <esmith88> in cluster <lotus>.
Job was executed on host(s) <host248.jc.rl.ac.uk>, in queue <short-serial>, as user <esmith88> in cluster <lotus>.
</home/users/esmith88> was used as the home directory.
</home/users/esmith88/roocs/character_scanner> was used as the working directory.
Started at Results reported on 
Your job looked like:

------------------------------------------------------------
# LSBATCH: User input
/home/users/esmith88/roocs/character_scanner/scanner_test.py -m BCC/bcc-csm1-1 -e r1i1p121 -v mrro
------------------------------------------------------------

Exited with exit code 1.

Resource usage summary:

    CPU time :                                   3.12 sec.
    Max Memory :                                 53 MB
    Average Memory :                             53.00 MB
    Total Requested Memory :                     -
    Delta Memory :                               -
    Max Swap :                                   123771 MB
    Max Processes :                              3
    Max Threads :                                19
    Run time :                                   10 sec.
    Turnaround time :                            13 sec.

The output (if any) follows:



PS:

Read file </home/users/esmith88/roocs/character_scanner/ALL_OUTPUTS/cmip5/output1/BCC/bcc-csm1-1/r1i1p121/LOTUS_outputs/mrro.err> for stderr output of this job.

